<?xml version="1.0" encoding="UTF-8"?>
<!-- Generated by org.testng.reporters.JUnitXMLReporter -->
<testsuite ignored="0" hostname="BM4RQFJR2" failures="1" tests="1" name="Test" time="53.112" errors="0" timestamp="2020-11-02T20:55:18 IST">
  <testcase classname="TestProgram.ShoppingCartTest" name="ebayTest" time="52.262">
    <failure type="java.lang.AssertionError" message="expected [US$ 600.00] but found [US $600.00]">
      <![CDATA[java.lang.AssertionError: expected [US$ 600.00] but found [US $600.00]
at TestProgram.ShoppingCartTest.ebayTest(ShoppingCartTest.java:118)
at java.base/java.util.ArrayList.forEach(ArrayList.java:1510)
... Removed 33 stack frames]]>
    </failure>
  </testcase> <!-- ebayTest -->
</testsuite> <!-- Test -->
